# JRE version: OpenJDK Runtime Environment (8.0_212-b04) (build 1.8.0_212-b04)
# Java VM: OpenJDK 64-Bit Server VM (25.212-b04 mixed mode linux-amd64 compressed oops)
Heap:
 def new generation   total 4928K, used 334K [0x00000000f0800000, 0x00000000f0d50000, 0x00000000f5aa0000)
  eden space 4416K,   7% used [0x00000000f0800000, 0x00000000f0851428, 0x00000000f0c50000)
  from space 512K,   1% used [0x00000000f0cd0000, 0x00000000f0cd2428, 0x00000000f0d50000)
  to   space 512K,   0% used [0x00000000f0c50000, 0x00000000f0c50000, 0x00000000f0cd0000)
 tenured generation   total 10944K, used 3541K [0x00000000f5aa0000, 0x00000000f6550000, 0x0000000100000000)
   the space 10944K,  32% used [0x00000000f5aa0000, 0x00000000f5e15670, 0x00000000f5e15800, 0x00000000f6550000)
 Metaspace       used 10981K, capacity 11334K, committed 11520K, reserved 1058816K
  class space    used 1363K, capacity 1495K, committed 1536K, reserved 1048576K
GC Heap History (18 events):
Event: 0.226 GC heap before
{Heap before GC invocations=0 (full 0):
 def new generation   total 4928K, used 4416K [0x00000000f0800000, 0x00000000f0d50000, 0x00000000f5aa0000)
  eden space 4416K, 100% used [0x00000000f0800000, 0x00000000f0c50000, 0x00000000f0c50000)
  from space 512K,   0% used [0x00000000f0c50000, 0x00000000f0c50000, 0x00000000f0cd0000)
  to   space 512K,   0% used [0x00000000f0cd0000, 0x00000000f0cd0000, 0x00000000f0d50000)
 tenured generation   total 10944K, used 0K [0x00000000f5aa0000, 0x00000000f6550000, 0x0000000100000000)
   the space 10944K,   0% used [0x00000000f5aa0000, 0x00000000f5aa0000, 0x00000000f5aa0200, 0x00000000f6550000)
 Metaspace       used 4457K, capacity 4888K, committed 5120K, reserved 1056768K
  class space    used 455K, capacity 504K, committed 512K, reserved 1048576K
Event: 0.228 GC heap after
Heap after GC invocations=1 (full 0):
 def new generation   total 4928K, used 512K [0x00000000f0800000, 0x00000000f0d50000, 0x00000000f5aa0000)
  eden space 4416K,   0% used [0x00000000f0800000, 0x00000000f0800000, 0x00000000f0c50000)
  from space 512K, 100% used [0x00000000f0cd0000, 0x00000000f0d50000, 0x00000000f0d50000)
  to   space 512K,   0% used [0x00000000f0c50000, 0x00000000f0c50000, 0x00000000f0cd0000)
 tenured generation   total 10944K, used 371K [0x00000000f5aa0000, 0x00000000f6550000, 0x0000000100000000)
   the space 10944K,   3% used [0x00000000f5aa0000, 0x00000000f5afcde8, 0x00000000f5afce00, 0x00000000f6550000)
 Metaspace       used 4457K, capacity 4888K, committed 5120K, reserved 1056768K
  class space    used 455K, capacity 504K, committed 512K, reserved 1048576K
}
Event: 0.346 GC heap before
{Heap before GC invocations=1 (full 0):
 def new generation   total 4928K, used 4928K [0x00000000f0800000, 0x00000000f0d50000, 0x00000000f5aa0000)
  eden space 4416K, 100% used [0x00000000f0800000, 0x00000000f0c50000, 0x00000000f0c50000)
  from space 512K, 100% used [0x00000000f0cd0000, 0x00000000f0d50000, 0x00000000f0d50000)
  to   space 512K,   0% used [0x00000000f0c50000, 0x00000000f0c50000, 0x00000000f0cd0000)
 tenured generation   total 10944K, used 371K [0x00000000f5aa0000, 0x00000000f6550000, 0x0000000100000000)
   the space 10944K,   3% used [0x00000000f5aa0000, 0x00000000f5afcde8, 0x00000000f5afce00, 0x00000000f6550000)
 Metaspace       used 4958K, capacity 5200K, committed 5248K, reserved 1056768K
  class space    used 528K, capacity 608K, committed 640K, reserved 1048576K
Event: 0.348 GC heap after
Heap after GC invocations=2 (full 0):
 def new generation   total 4928K, used 512K [0x00000000f0800000, 0x00000000f0d50000, 0x00000000f5aa0000)
  eden space 4416K,   0% used [0x00000000f0800000, 0x00000000f0800000, 0x00000000f0c50000)
  from space 512K, 100% used [0x00000000f0c50000, 0x00000000f0cd0000, 0x00000000f0cd0000)
  to   space 512K,   0% used [0x00000000f0cd0000, 0x00000000f0cd0000, 0x00000000f0d50000)
 tenured generation   total 10944K, used 964K [0x00000000f5aa0000, 0x00000000f6550000, 0x0000000100000000)
   the space 10944K,   8% used [0x00000000f5aa0000, 0x00000000f5b91088, 0x00000000f5b91200, 0x00000000f6550000)
 Metaspace       used 4958K, capacity 5200K, committed 5248K, reserved 1056768K
  class space    used 528K, capacity 608K, committed 640K, reserved 1048576K
}
Event: 0.497 GC heap before
{Heap before GC invocations=2 (full 0):
 def new generation   total 4928K, used 4928K [0x00000000f0800000, 0x00000000f0d50000, 0x00000000f5aa0000)
  eden space 4416K, 100% used [0x00000000f0800000, 0x00000000f0c50000, 0x00000000f0c50000)
  from space 512K, 100% used [0x00000000f0c50000, 0x00000000f0cd0000, 0x00000000f0cd0000)
  to   space 512K,   0% used [0x00000000f0cd0000, 0x00000000f0cd0000, 0x00000000f0d50000)
 tenured generation   total 10944K, used 964K [0x00000000f5aa0000, 0x00000000f6550000, 0x0000000100000000)
   the space 10944K,   8% used [0x00000000f5aa0000, 0x00000000f5b91088, 0x00000000f5b91200, 0x00000000f6550000)
 Metaspace       used 5916K, capacity 6080K, committed 6144K, reserved 1056768K
  class space    used 677K, capacity 768K, committed 768K, reserved 1048576K
Event: 0.499 GC heap after
Heap after GC invocations=3 (full 0):
 def new generation   total 4928K, used 512K [0x00000000f0800000, 0x00000000f0d50000, 0x00000000f5aa0000)
  eden space 4416K,   0% used [0x00000000f0800000, 0x00000000f0800000, 0x00000000f0c50000)
  from space 512K, 100% used [0x00000000f0cd0000, 0x00000000f0d50000, 0x00000000f0d50000)
  to   space 512K,   0% used [0x00000000f0c50000, 0x00000000f0c50000, 0x00000000f0cd0000)
 tenured generation   total 10944K, used 1421K [0x00000000f5aa0000, 0x00000000f6550000, 0x0000000100000000)
   the space 10944K,  12% used [0x00000000f5aa0000, 0x00000000f5c03460, 0x00000000f5c03600, 0x00000000f6550000)
 Metaspace       used 5916K, capacity 6080K, committed 6144K, reserved 1056768K
  class space    used 677K, capacity 768K, committed 768K, reserved 1048576K
}
Event: 0.622 GC heap before
{Heap before GC invocations=3 (full 0):
 def new generation   total 4928K, used 4928K [0x00000000f0800000, 0x00000000f0d50000, 0x00000000f5aa0000)
  eden space 4416K, 100% used [0x00000000f0800000, 0x00000000f0c50000, 0x00000000f0c50000)
  from space 512K, 100% used [0x00000000f0cd0000, 0x00000000f0d50000, 0x00000000f0d50000)
  to   space 512K,   0% used [0x00000000f0c50000, 0x00000000f0c50000, 0x00000000f0cd0000)
 tenured generation   total 10944K, used 1421K [0x00000000f5aa0000, 0x00000000f6550000, 0x0000000100000000)
   the space 10944K,  12% used [0x00000000f5aa0000, 0x00000000f5c03460, 0x00000000f5c03600, 0x00000000f6550000)
 Metaspace       used 6980K, capacity 7176K, committed 7296K, reserved 1056768K
  class space    used 812K, capacity 884K, committed 896K, reserved 1048576K
Event: 0.624 GC heap after
Heap after GC invocations=4 (full 0):
 def new generation   total 4928K, used 512K [0x00000000f0800000, 0x00000000f0d50000, 0x00000000f5aa0000)
  eden space 4416K,   0% used [0x00000000f0800000, 0x00000000f0800000, 0x00000000f0c50000)
  from space 512K, 100% used [0x00000000f0c50000, 0x00000000f0cd0000, 0x00000000f0cd0000)
  to   space 512K,   0% used [0x00000000f0cd0000, 0x00000000f0cd0000, 0x00000000f0d50000)
 tenured generation   total 10944K, used 1832K [0x00000000f5aa0000, 0x00000000f6550000, 0x0000000100000000)
   the space 10944K,  16% used [0x00000000f5aa0000, 0x00000000f5c6a160, 0x00000000f5c6a200, 0x00000000f6550000)
 Metaspace       used 6980K, capacity 7176K, committed 7296K, reserved 1056768K
  class space    used 812K, capacity 884K, committed 896K, reserved 1048576K
}
Event: 0.732 GC heap before
{Heap before GC invocations=4 (full 0):
 def new generation   total 4928K, used 4927K [0x00000000f0800000, 0x00000000f0d50000, 0x00000000f5aa0000)
  eden space 4416K,  99% used [0x00000000f0800000, 0x00000000f0c4ff70, 0x00000000f0c50000)
  from space 512K, 100% used [0x00000000f0c50000, 0x00000000f0cd0000, 0x00000000f0cd0000)
  to   space 512K,   0% used [0x00000000f0cd0000, 0x00000000f0cd0000, 0x00000000f0d50000)
 tenured generation   total 10944K, used 1832K [0x00000000f5aa0000, 0x00000000f6550000, 0x0000000100000000)
   the space 10944K,  16% used [0x00000000f5aa0000, 0x00000000f5c6a160, 0x00000000f5c6a200, 0x00000000f6550000)
 Metaspace       used 7784K, capacity 8030K, committed 8320K, reserved 1056768K
  class space    used 940K, capacity 1037K, committed 1152K, reserved 1048576K
Event: 0.735 GC heap after
Heap after GC invocations=5 (full 0):
 def new generation   total 4928K, used 496K [0x00000000f0800000, 0x00000000f0d50000, 0x00000000f5aa0000)
  eden space 4416K,   0% used [0x00000000f0800000, 0x00000000f0800000, 0x00000000f0c50000)
  from space 512K,  96% used [0x00000000f0cd0000, 0x00000000f0d4c030, 0x00000000f0d50000)
  to   space 512K,   0% used [0x00000000f0c50000, 0x00000000f0c50000, 0x00000000f0cd0000)
 tenured generation   total 10944K, used 2127K [0x00000000f5aa0000, 0x00000000f6550000, 0x0000000100000000)
   the space 10944K,  19% used [0x00000000f5aa0000, 0x00000000f5cb3ea8, 0x00000000f5cb4000, 0x00000000f6550000)
 Metaspace       used 7784K, capacity 8030K, committed 8320K, reserved 1056768K
  class space    used 940K, capacity 1037K, committed 1152K, reserved 1048576K
}
Event: 0.817 GC heap before
{Heap before GC invocations=5 (full 0):
 def new generation   total 4928K, used 4912K [0x00000000f0800000, 0x00000000f0d50000, 0x00000000f5aa0000)
  eden space 4416K, 100% used [0x00000000f0800000, 0x00000000f0c50000, 0x00000000f0c50000)
  from space 512K,  96% used [0x00000000f0cd0000, 0x00000000f0d4c030, 0x00000000f0d50000)
  to   space 512K,   0% used [0x00000000f0c50000, 0x00000000f0c50000, 0x00000000f0cd0000)
 tenured generation   total 10944K, used 2127K [0x00000000f5aa0000, 0x00000000f6550000, 0x0000000100000000)
   the space 10944K,  19% used [0x00000000f5aa0000, 0x00000000f5cb3ea8, 0x00000000f5cb4000, 0x00000000f6550000)
 Metaspace       used 8692K, capacity 8958K, committed 9216K, reserved 1056768K
  class space    used 1082K, capacity 1197K, committed 1280K, reserved 1048576K
Event: 0.819 GC heap after
Heap after GC invocations=6 (full 0):
 def new generation   total 4928K, used 511K [0x00000000f0800000, 0x00000000f0d50000, 0x00000000f5aa0000)
  eden space 4416K,   0% used [0x00000000f0800000, 0x00000000f0800000, 0x00000000f0c50000)
  from space 512K,  99% used [0x00000000f0c50000, 0x00000000f0ccfff0, 0x00000000f0cd0000)
  to   space 512K,   0% used [0x00000000f0cd0000, 0x00000000f0cd0000, 0x00000000f0d50000)
 tenured generation   total 10944K, used 2628K [0x00000000f5aa0000, 0x00000000f6550000, 0x0000000100000000)
   the space 10944K,  24% used [0x00000000f5aa0000, 0x00000000f5d313c0, 0x00000000f5d31400, 0x00000000f6550000)
 Metaspace       used 8692K, capacity 8958K, committed 9216K, reserved 1056768K
  class space    used 1082K, capacity 1197K, committed 1280K, reserved 1048576K
}
Event: 0.915 GC heap before
{Heap before GC invocations=6 (full 0):
 def new generation   total 4928K, used 4927K [0x00000000f0800000, 0x00000000f0d50000, 0x00000000f5aa0000)
  eden space 4416K, 100% used [0x00000000f0800000, 0x00000000f0c50000, 0x00000000f0c50000)
  from space 512K,  99% used [0x00000000f0c50000, 0x00000000f0ccfff0, 0x00000000f0cd0000)
  to   space 512K,   0% used [0x00000000f0cd0000, 0x00000000f0cd0000, 0x00000000f0d50000)
 tenured generation   total 10944K, used 2628K [0x00000000f5aa0000, 0x00000000f6550000, 0x0000000100000000)
   the space 10944K,  24% used [0x00000000f5aa0000, 0x00000000f5d313c0, 0x00000000f5d31400, 0x00000000f6550000)
 Metaspace       used 9672K, capacity 9918K, committed 10112K, reserved 1058816K
  class space    used 1215K, capacity 1325K, committed 1408K, reserved 1048576K
Event: 0.918 GC heap after
Heap after GC invocations=7 (full 0):
 def new generation   total 4928K, used 512K [0x00000000f0800000, 0x00000000f0d50000, 0x00000000f5aa0000)
  eden space 4416K,   0% used [0x00000000f0800000, 0x00000000f0800000, 0x00000000f0c50000)
  from space 512K, 100% used [0x00000000f0cd0000, 0x00000000f0d50000, 0x00000000f0d50000)
  to   space 512K,   0% used [0x00000000f0c50000, 0x00000000f0c50000, 0x00000000f0cd0000)
 tenured generation   total 10944K, used 2947K [0x00000000f5aa0000, 0x00000000f6550000, 0x0000000100000000)
   the space 10944K,  26% used [0x00000000f5aa0000, 0x00000000f5d80c58, 0x00000000f5d80e00, 0x00000000f6550000)
 Metaspace       used 9672K, capacity 9918K, committed 10112K, reserved 1058816K
  class space    used 1215K, capacity 1325K, committed 1408K, reserved 1048576K
}
Event: 3.434 GC heap before
{Heap before GC invocations=7 (full 0):
 def new generation   total 4928K, used 4928K [0x00000000f0800000, 0x00000000f0d50000, 0x00000000f5aa0000)
  eden space 4416K, 100% used [0x00000000f0800000, 0x00000000f0c50000, 0x00000000f0c50000)
  from space 512K, 100% used [0x00000000f0cd0000, 0x00000000f0d50000, 0x00000000f0d50000)
  to   space 512K,   0% used [0x00000000f0c50000, 0x00000000f0c50000, 0x00000000f0cd0000)
 tenured generation   total 10944K, used 2947K [0x00000000f5aa0000, 0x00000000f6550000, 0x0000000100000000)
   the space 10944K,  26% used [0x00000000f5aa0000, 0x00000000f5d80c58, 0x00000000f5d80e00, 0x00000000f6550000)
 Metaspace       used 10814K, capacity 11142K, committed 11264K, reserved 1058816K
  class space    used 1362K, capacity 1495K, committed 1536K, reserved 1048576K
Event: 3.440 GC heap after
Heap after GC invocations=8 (full 0):
 def new generation   total 4928K, used 511K [0x00000000f0800000, 0x00000000f0d50000, 0x00000000f5aa0000)
  eden space 4416K,   0% used [0x00000000f0800000, 0x00000000f0800000, 0x00000000f0c50000)
  from space 512K,  99% used [0x00000000f0c50000, 0x00000000f0ccfff8, 0x00000000f0cd0000)
  to   space 512K,   0% used [0x00000000f0cd0000, 0x00000000f0cd0000, 0x00000000f0d50000)
 tenured generation   total 10944K, used 3212K [0x00000000f5aa0000, 0x00000000f6550000, 0x0000000100000000)
   the space 10944K,  29% used [0x00000000f5aa0000, 0x00000000f5dc33f8, 0x00000000f5dc3400, 0x00000000f6550000)
 Metaspace       used 10814K, capacity 11142K, committed 11264K, reserved 1058816K
  class space    used 1362K, capacity 1495K, committed 1536K, reserved 1048576K
}
Event: 100.715 GC heap before
{Heap before GC invocations=8 (full 0):
 def new generation   total 4928K, used 4927K [0x00000000f0800000, 0x00000000f0d50000, 0x00000000f5aa0000)
  eden space 4416K, 100% used [0x00000000f0800000, 0x00000000f0c50000, 0x00000000f0c50000)
  from space 512K,  99% used [0x00000000f0c50000, 0x00000000f0ccfff8, 0x00000000f0cd0000)
  to   space 512K,   0% used [0x00000000f0cd0000, 0x00000000f0cd0000, 0x00000000f0d50000)
 tenured generation   total 10944K, used 3212K [0x00000000f5aa0000, 0x00000000f6550000, 0x0000000100000000)
   the space 10944K,  29% used [0x00000000f5aa0000, 0x00000000f5dc33f8, 0x00000000f5dc3400, 0x00000000f6550000)
 Metaspace       used 10977K, capacity 11334K, committed 11520K, reserved 1058816K
  class space    used 1363K, capacity 1495K, committed 1536K, reserved 1048576K
Event: 101.091 GC heap after
Heap after GC invocations=9 (full 0):
 def new generation   total 4928K, used 9K [0x00000000f0800000, 0x00000000f0d50000, 0x00000000f5aa0000)
  eden space 4416K,   0% used [0x00000000f0800000, 0x00000000f0800000, 0x00000000f0c50000)
  from space 512K,   1% used [0x00000000f0cd0000, 0x00000000f0cd2428, 0x00000000f0d50000)
  to   space 512K,   0% used [0x00000000f0c50000, 0x00000000f0c50000, 0x00000000f0cd0000)
 tenured generation   total 10944K, used 3541K [0x00000000f5aa0000, 0x00000000f6550000, 0x0000000100000000)
   the space 10944K,  32% used [0x00000000f5aa0000, 0x00000000f5e15670, 0x00000000f5e15800, 0x00000000f6550000)
 Metaspace       used 10977K, capacity 11334K, committed 11520K, reserved 1058816K
  class space    used 1363K, capacity 1495K, committed 1536K, reserved 1048576K
}

